# JRE version: Java(TM) SE Runtime Environment (21.0.2+13) (build 21.0.2+13-LTS-58)
# Java VM: Java HotSpot(TM) 64-Bit Server VM (21.0.2+13-LTS-58, mixed mode, emulated-client, sharing, tiered, compressed oops, compressed class ptrs, g1 gc, windows-amd64)
GC Precious Log:
 CardTable entry size: 512
 Card Set container configuration: InlinePtr #cards 4 size 8 Array Of Cards #cards 16 size 48 Howl #buckets 8 coarsen threshold 3686 Howl Bitmap #cards 512 size 80 coarsen threshold 460 Card regions per heap region 1 cards per card region 4096
 CPUs: 16 total, 16 available
 Memory: 16051M
 Large Page Support: Disabled
 NUMA Support: Disabled
 Compressed Oops: Enabled (Zero based)
 Heap Region Size: 2M
 Heap Min Capacity: 8M
 Heap Initial Capacity: 252M
 Heap Max Capacity: 4014M
 Pre-touch: Disabled
 Parallel Workers: 13
 Concurrent Workers: 3
 Concurrent Refinement Workers: 13
 Periodic GC: Disabled
Heap:
 garbage-first heap   total 96256K, used 53771K [0x0000000705200000, 0x0000000800000000)
  region size 2048K, 15 young (30720K), 2 survivors (4096K)
 Metaspace       used 72631K, committed 73600K, reserved 1114112K
  class space    used 10127K, committed 10560K, reserved 1048576K
GC Heap History (20 events):
Event: 1580.369 GC heap after
{Heap after GC invocations=34 (full 5):
 garbage-first heap   total 96256K, used 30698K [0x0000000705200000, 0x0000000800000000)
  region size 2048K, 3 young (6144K), 3 survivors (6144K)
 Metaspace       used 71660K, committed 72384K, reserved 1114112K
  class space    used 10008K, committed 10368K, reserved 1048576K
}
Event: 1875.866 GC heap before
{Heap before GC invocations=34 (full 5):
 garbage-first heap   total 96256K, used 47082K [0x0000000705200000, 0x0000000800000000)
  region size 2048K, 12 young (24576K), 3 survivors (6144K)
 Metaspace       used 71662K, committed 72384K, reserved 1114112K
  class space    used 10008K, committed 10368K, reserved 1048576K
}
Event: 1875.905 GC heap after
{Heap after GC invocations=35 (full 6):
 garbage-first heap   total 96256K, used 23359K [0x0000000705200000, 0x0000000800000000)
  region size 2048K, 0 young (0K), 0 survivors (0K)
 Metaspace       used 71622K, committed 72384K, reserved 1114112K
  class space    used 9998K, committed 10368K, reserved 1048576K
}
Event: 1878.074 GC heap before
{Heap before GC invocations=35 (full 6):
 garbage-first heap   total 96256K, used 78655K [0x0000000705200000, 0x0000000800000000)
  region size 2048K, 27 young (55296K), 0 survivors (0K)
 Metaspace       used 72200K, committed 72960K, reserved 1114112K
  class space    used 10087K, committed 10432K, reserved 1048576K
}
Event: 1878.077 GC heap after
{Heap after GC invocations=36 (full 6):
 garbage-first heap   total 96256K, used 28960K [0x0000000705200000, 0x0000000800000000)
  region size 2048K, 3 young (6144K), 3 survivors (6144K)
 Metaspace       used 72200K, committed 72960K, reserved 1114112K
  class space    used 10087K, committed 10432K, reserved 1048576K
}
Event: 1897.104 GC heap before
{Heap before GC invocations=37 (full 6):
 garbage-first heap   total 96256K, used 76064K [0x0000000705200000, 0x0000000800000000)
  region size 2048K, 27 young (55296K), 3 survivors (6144K)
 Metaspace       used 72465K, committed 73216K, reserved 1114112K
  class space    used 10138K, committed 10496K, reserved 1048576K
}
Event: 1897.106 GC heap after
{Heap after GC invocations=38 (full 6):
 garbage-first heap   total 96256K, used 29513K [0x0000000705200000, 0x0000000800000000)
  region size 2048K, 2 young (4096K), 2 survivors (4096K)
 Metaspace       used 72465K, committed 73216K, reserved 1114112K
  class space    used 10138K, committed 10496K, reserved 1048576K
}
Event: 2030.604 GC heap before
{Heap before GC invocations=38 (full 6):
 garbage-first heap   total 96256K, used 78665K [0x0000000705200000, 0x0000000800000000)
  region size 2048K, 26 young (53248K), 2 survivors (4096K)
 Metaspace       used 72796K, committed 73600K, reserved 1114112K
  class space    used 10172K, committed 10560K, reserved 1048576K
}
Event: 2030.607 GC heap after
{Heap after GC invocations=39 (full 6):
 garbage-first heap   total 96256K, used 32057K [0x0000000705200000, 0x0000000800000000)
  region size 2048K, 4 young (8192K), 4 survivors (8192K)
 Metaspace       used 72796K, committed 73600K, reserved 1114112K
  class space    used 10172K, committed 10560K, reserved 1048576K
}
Event: 2460.915 GC heap before
{Heap before GC invocations=39 (full 6):
 garbage-first heap   total 96256K, used 75065K [0x0000000705200000, 0x0000000800000000)
  region size 2048K, 25 young (51200K), 4 survivors (8192K)
 Metaspace       used 72806K, committed 73600K, reserved 1114112K
  class space    used 10174K, committed 10560K, reserved 1048576K
}
Event: 2460.935 GC heap after
{Heap after GC invocations=40 (full 6):
 garbage-first heap   total 96256K, used 31001K [0x0000000705200000, 0x0000000800000000)
  region size 2048K, 2 young (4096K), 2 survivors (4096K)
 Metaspace       used 72806K, committed 73600K, reserved 1114112K
  class space    used 10174K, committed 10560K, reserved 1048576K
}
Event: 2953.151 GC heap before
{Heap before GC invocations=41 (full 6):
 garbage-first heap   total 96256K, used 80153K [0x0000000705200000, 0x0000000800000000)
  region size 2048K, 26 young (53248K), 2 survivors (4096K)
 Metaspace       used 72647K, committed 73600K, reserved 1114112K
  class space    used 10131K, committed 10560K, reserved 1048576K
}
Event: 2953.163 GC heap after
{Heap after GC invocations=42 (full 6):
 garbage-first heap   total 96256K, used 30165K [0x0000000705200000, 0x0000000800000000)
  region size 2048K, 2 young (4096K), 2 survivors (4096K)
 Metaspace       used 72647K, committed 73600K, reserved 1114112K
  class space    used 10131K, committed 10560K, reserved 1048576K
}
Event: 3447.440 GC heap before
{Heap before GC invocations=42 (full 6):
 garbage-first heap   total 96256K, used 79317K [0x0000000705200000, 0x0000000800000000)
  region size 2048K, 26 young (53248K), 2 survivors (4096K)
 Metaspace       used 72647K, committed 73600K, reserved 1114112K
  class space    used 10131K, committed 10560K, reserved 1048576K
}
Event: 3447.472 GC heap after
{Heap after GC invocations=43 (full 6):
 garbage-first heap   total 96256K, used 29214K [0x0000000705200000, 0x0000000800000000)
  region size 2048K, 2 young (4096K), 2 survivors (4096K)
 Metaspace       used 72647K, committed 73600K, reserved 1114112K
  class space    used 10131K, committed 10560K, reserved 1048576K
}
Event: 3935.773 GC heap before
{Heap before GC invocations=43 (full 6):
 garbage-first heap   total 96256K, used 82462K [0x0000000705200000, 0x0000000800000000)
  region size 2048K, 28 young (57344K), 2 survivors (4096K)
 Metaspace       used 72649K, committed 73600K, reserved 1114112K
  class space    used 10132K, committed 10560K, reserved 1048576K
}
Event: 3935.805 GC heap after
{Heap after GC invocations=44 (full 6):
 garbage-first heap   total 96256K, used 29506K [0x0000000705200000, 0x0000000800000000)
  region size 2048K, 2 young (4096K), 2 survivors (4096K)
 Metaspace       used 72649K, committed 73600K, reserved 1114112K
  class space    used 10132K, committed 10560K, reserved 1048576K
}
Event: 4470.163 GC heap before
{Heap before GC invocations=45 (full 6):
 garbage-first heap   total 96256K, used 82754K [0x0000000705200000, 0x0000000800000000)
  region size 2048K, 28 young (57344K), 2 survivors (4096K)
 Metaspace       used 72621K, committed 73600K, reserved 1114112K
  class space    used 10124K, committed 10560K, reserved 1048576K
}
Event: 4470.177 GC heap after
{Heap after GC invocations=46 (full 6):
 garbage-first heap   total 96256K, used 29195K [0x0000000705200000, 0x0000000800000000)
  region size 2048K, 2 young (4096K), 2 survivors (4096K)
 Metaspace       used 72621K, committed 73600K, reserved 1114112K
  class space    used 10124K, committed 10560K, reserved 1048576K
}
Event: 4709.977 GC heap before
{Heap before GC invocations=46 (full 6):
 garbage-first heap   total 96256K, used 53771K [0x0000000705200000, 0x0000000800000000)
  region size 2048K, 15 young (30720K), 2 survivors (4096K)
 Metaspace       used 72631K, committed 73600K, reserved 1114112K
  class space    used 10127K, committed 10560K, reserved 1048576K
}

